#
# A fatal error has been detected by the Java Runtime Environment:
#
#  Internal Error (synchronizer.cpp:1549), pid=5944, tid=0x0000000000001614
#  guarantee(!mid->is_busy()) failed: invariant
#
# JRE version: Java(TM) SE Runtime Environment (8.0_151-b12) (build 1.8.0_151-b12)
# Java VM: Java HotSpot(TM) 64-Bit Server VM (25.151-b12 mixed mode windows-amd64 compressed oops)
# Failed to write core dump. Minidumps are not enabled by default on client versions of Windows
#
# If you would like to submit a bug report, please visit:
#   http://bugreport.java.com/bugreport/crash.jsp
#

---------------  T H R E A D  ---------------

Current thread (0x0000000014d07800):  VMThread [stack: 0x0000000015db0000,0x0000000015eb0000] [id=5652]

Stack: [0x0000000015db0000,0x0000000015eb0000]
[error occurred during error reporting (printing stack bounds), id 0xc0000005]

Native frames: (J=compiled Java code, j=interpreted, Vv=VM code, C=native code)

VM_Operation (0x00000000186cef50): RevokeBias, mode: safepoint, requested by thread 0x00000000197db000


---------------  P R O C E S S  ---------------

Java Threads: ( => current thread )
  0x00000000197de800 JavaThread "HikariPool-4 connection adder" daemon [_thread_blocked, id=1216, stack(0x00000000187d0000,0x00000000188d0000)]
  0x00000000197db000 JavaThread "HikariPool-4 connection closer" daemon [_thread_blocked, id=1988, stack(0x00000000185d0000,0x00000000186d0000)]
  0x00000000197de000 JavaThread "RMI TCP Connection(idle)" daemon [_thread_blocked, id=5476, stack(0x0000000017dd0000,0x0000000017ed0000)]
  0x00000000197dd000 JavaThread "RMI TCP Connection(idle)" daemon [_thread_blocked, id=6224, stack(0x0000000017bd0000,0x0000000017cd0000)]
  0x00000000197d9800 JavaThread "http-nio-8080-Acceptor" daemon [_thread_in_native, id=5524, stack(0x000000001e270000,0x000000001e370000)]
  0x00000000197dc800 JavaThread "http-nio-8080-ClientPoller" daemon [_thread_in_native, id=6288, stack(0x000000001cba0000,0x000000001cca0000)]
  0x00000000197d8800 JavaThread "http-nio-8080-exec-10" daemon [_thread_blocked, id=6564, stack(0x000000001c7a0000,0x000000001c8a0000)]
  0x00000000197d8000 JavaThread "http-nio-8080-exec-9" daemon [_thread_blocked, id=4372, stack(0x000000001c4a0000,0x000000001c5a0000)]
  0x000000001d1f7000 JavaThread "http-nio-8080-exec-8" daemon [_thread_blocked, id=6392, stack(0x000000001c3a0000,0x000000001c4a0000)]
  0x000000001d1f6000 JavaThread "http-nio-8080-exec-7" daemon [_thread_blocked, id=6768, stack(0x000000001c1a0000,0x000000001c2a0000)]
  0x000000001d1f5800 JavaThread "http-nio-8080-exec-6" daemon [_thread_blocked, id=4124, stack(0x000000001c0a0000,0x000000001c1a0000)]
  0x000000001d1f1800 JavaThread "http-nio-8080-exec-5" daemon [_thread_blocked, id=6396, stack(0x000000001bfa0000,0x000000001c0a0000)]
  0x000000001d1f3000 JavaThread "http-nio-8080-exec-4" daemon [_thread_blocked, id=5368, stack(0x000000001bea0000,0x000000001bfa0000)]
  0x000000001d1f4800 JavaThread "http-nio-8080-exec-3" daemon [_thread_blocked, id=1396, stack(0x000000001bda0000,0x000000001bea0000)]
  0x000000001d1f2800 JavaThread "http-nio-8080-exec-2" daemon [_thread_blocked, id=6764, stack(0x000000001bca0000,0x000000001bda0000)]
  0x000000001d1f4000 JavaThread "http-nio-8080-exec-1" daemon [_thread_blocked, id=5892, stack(0x000000001bba0000,0x000000001bca0000)]
  0x000000001d1ee000 JavaThread "http-nio-8080-BlockPoller" daemon [_thread_in_native, id=5724, stack(0x000000001baa0000,0x000000001bba0000)]
  0x000000001d1f1000 JavaThread "File Watcher" daemon [_thread_blocked, id=5252, stack(0x000000001b9a0000,0x000000001baa0000)]
  0x000000001d1ee800 JavaThread "HikariPool-4 housekeeper" daemon [_thread_blocked, id=5584, stack(0x000000001b4a0000,0x000000001b5a0000)]
  0x000000001d1f0000 JavaThread "container-0" [_thread_blocked, id=6056, stack(0x000000001a9a0000,0x000000001aaa0000)]
  0x000000001d1e8800 JavaThread "Catalina-utility-2" [_thread_blocked, id=3720, stack(0x000000001a8a0000,0x000000001a9a0000)]
  0x000000001d1e7800 JavaThread "Catalina-utility-1" [_thread_blocked, id=6644, stack(0x00000000186d0000,0x00000000187d0000)]
  0x00000000197e7000 JavaThread "DestroyJavaVM" [_thread_blocked, id=3332, stack(0x0000000002540000,0x0000000002640000)]
  0x00000000197da000 JavaThread "Live Reload Server" daemon [_thread_in_native, id=192, stack(0x000000001b5a0000,0x000000001b6a0000)]
  0x0000000017239000 JavaThread "mysql-cj-abandoned-connection-cleanup" daemon [_thread_blocked, id=5528, stack(0x000000001aaa0000,0x000000001aba0000)]
  0x000000001723a800 JavaThread "JMX server connection timeout 17" daemon [_thread_blocked, id=5312, stack(0x0000000017ed0000,0x0000000017fd0000)]
  0x0000000017231000 JavaThread "RMI Scheduler(0)" daemon [_thread_blocked, id=2396, stack(0x0000000017cd0000,0x0000000017dd0000)]
  0x00000000171f1800 JavaThread "RMI TCP Accept-0" daemon [_thread_in_native, id=4176, stack(0x00000000179d0000,0x0000000017ad0000)]
  0x00000000171ed800 JavaThread "RMI TCP Accept-55629" daemon [_thread_in_native, id=6736, stack(0x00000000178d0000,0x00000000179d0000)]
  0x00000000171e2000 JavaThread "RMI TCP Accept-0" daemon [_thread_in_native, id=5688, stack(0x00000000177d0000,0x00000000178d0000)]
  0x0000000016748800 JavaThread "Service Thread" daemon [_thread_blocked, id=3500, stack(0x0000000016b20000,0x0000000016c20000)]
  0x0000000014d4b800 JavaThread "C1 CompilerThread2" daemon [_thread_blocked, id=2452, stack(0x0000000016620000,0x0000000016720000)]
  0x0000000014d48000 JavaThread "C2 CompilerThread1" daemon [_thread_blocked, id=3956, stack(0x0000000016520000,0x0000000016620000)]
  0x0000000014d43000 JavaThread "C2 CompilerThread0" daemon [_thread_blocked, id=2912, stack(0x0000000016420000,0x0000000016520000)]
  0x0000000014d41800 JavaThread "Attach Listener" daemon [_thread_blocked, id=3036, stack(0x0000000016320000,0x0000000016420000)]
  0x0000000014d40800 JavaThread "Signal Dispatcher" daemon [_thread_blocked, id=5560, stack(0x0000000016220000,0x0000000016320000)]
  0x0000000014d30000 JavaThread "Finalizer" daemon [_thread_blocked, id=4620, stack(0x0000000015fb0000,0x00000000160b0000)]
  0x0000000002736000 JavaThread "Reference Handler" daemon [_thread_blocked, id=188, stack(0x0000000015eb0000,0x0000000015fb0000)]

Other Threads:
=>0x0000000014d07800 VMThread [stack: 0x0000000015db0000,0x0000000015eb0000] [id=5652]
  0x00000000171f3800 WatcherThread [stack: 0x0000000017ad0000,0x0000000017bd0000] [id=3744]

VM state:at safepoint (normal execution)

VM Mutex/Monitor currently owned by a thread:  ([mutex/lock_event])
[0x0000000002641d00] Safepoint_lock - owner thread: 0x0000000014d07800
[0x0000000002641700] Threads_lock - owner thread: 0x0000000014d07800

Heap:
 PSYoungGen      total 314368K, used 31731K [0x00000000eb200000, 0x00000000ffe00000, 0x0000000100000000)
  eden space 307200K, 8% used [0x00000000eb200000,0x00000000eca0d698,0x00000000fde00000)
  from space 7168K, 99% used [0x00000000fde00000,0x00000000fe4ef748,0x00000000fe500000)
  to   space 16384K, 0% used [0x00000000fee00000,0x00000000fee00000,0x00000000ffe00000)
 ParOldGen       total 81408K, used 20594K [0x00000000c1600000, 0x00000000c6580000, 0x00000000eb200000)
  object space 81408K, 25% used [0x00000000c1600000,0x00000000c2a1ca88,0x00000000c6580000)
 Metaspace       used 59715K, capacity 63304K, committed 63556K, reserved 1103872K
  class space    used 7897K, capacity 8539K, committed 8576K, reserved 1048576K

Card table byte_map: [0x0000000011b00000,0x0000000011d00000] byte_map_base: 0x00000000114f5000

Marking Bits: (ParMarkBitMap*) 0x00000000573bd850
 Begin Bits: [0x0000000012250000, 0x00000000131f8000)
 End Bits:   [0x00000000131f8000, 0x00000000141a0000)

Polling page: 0x0000000000b90000

CodeCache: size=245760Kb used=14004Kb max_used=14004Kb free=231755Kb
 bounds [0x0000000002740000, 0x00000000034f0000, 0x0000000011740000]
 total_blobs=7783 nmethods=7180 adapters=514
 compilation: enabled

Compilation events (10 events):
Event: 11111.445 Thread 0x0000000014d4b800 7291   !   1       java.util.concurrent.locks.AbstractQueuedSynchronizer::doAcquireInterruptibly (97 bytes)
Event: 11111.447 Thread 0x0000000014d4b800 nmethod 7291 0x00000000034ee150 code [0x00000000034ee340, 0x00000000034ee898]
Event: 11111.447 Thread 0x0000000014d4b800 7292       1       org.apache.catalina.core.StandardServer$2::run (11 bytes)
Event: 11111.447 Thread 0x0000000014d4b800 nmethod 7292 0x00000000034eedd0 code [0x00000000034eef40, 0x00000000034ef088]
Event: 11111.447 Thread 0x0000000014d4b800 7293       1       org.apache.catalina.core.StandardServer::access$000 (7 bytes)
Event: 11111.447 Thread 0x0000000014d4b800 nmethod 7293 0x00000000034ef150 code [0x00000000034ef2a0, 0x00000000034ef3a8]
Event: 11121.446 Thread 0x0000000014d4b800 7294       1       java.util.concurrent.ConcurrentHashMap::values (27 bytes)
Event: 11121.446 Thread 0x0000000014d4b800 nmethod 7294 0x00000000034ef450 code [0x00000000034ef5a0, 0x00000000034ef730]
Event: 11127.349 Thread 0x0000000014d4b800 7295       1       java.util.concurrent.TimeUnit$3::toNanos (11 bytes)
Event: 11127.349 Thread 0x0000000014d4b800 nmethod 7295 0x00000000034ef7d0 code [0x00000000034ef920, 0x00000000034efa90]

GC Heap History (10 events):
Event: 171.356 GC heap before
{Heap before GC invocations=19 (full 4):
 PSYoungGen      total 323584K, used 259261K [0x00000000eb200000, 0x0000000100000000, 0x0000000100000000)
  eden space 304640K, 85% used [0x00000000eb200000,0x00000000faf2f7e8,0x00000000fdb80000)
  from space 18944K, 0% used [0x00000000fed80000,0x00000000fed80000,0x0000000100000000)
  to   space 18432K, 0% used [0x00000000fdb80000,0x00000000fdb80000,0x00000000fed80000)
 ParOldGen       total 81408K, used 20559K [0x00000000c1600000, 0x00000000c6580000, 0x00000000eb200000)
  object space 81408K, 25% used [0x00000000c1600000,0x00000000c2a13cb8,0x00000000c6580000)
 Metaspace       used 58916K, capacity 62174K, committed 62404K, reserved 1103872K
  class space    used 7801K, capacity 8379K, committed 8448K, reserved 1048576K
Event: 171.376 GC heap after
Heap after GC invocations=19 (full 4):
 PSYoungGen      total 323072K, used 4866K [0x00000000eb200000, 0x0000000100000000, 0x0000000100000000)
  eden space 304640K, 0% used [0x00000000eb200000,0x00000000eb200000,0x00000000fdb80000)
  from space 18432K, 26% used [0x00000000fdb80000,0x00000000fe040af8,0x00000000fed80000)
  to   space 17920K, 0% used [0x00000000fee80000,0x00000000fee80000,0x0000000100000000)
 ParOldGen       total 81408K, used 20567K [0x00000000c1600000, 0x00000000c6580000, 0x00000000eb200000)
  object space 81408K, 25% used [0x00000000c1600000,0x00000000c2a15cb8,0x00000000c6580000)
 Metaspace       used 58916K, capacity 62174K, committed 62404K, reserved 1103872K
  class space    used 7801K, capacity 8379K, committed 8448K, reserved 1048576K
}
Event: 171.376 GC heap before
{Heap before GC invocations=20 (full 5):
 PSYoungGen      total 323072K, used 4866K [0x00000000eb200000, 0x0000000100000000, 0x0000000100000000)
  eden space 304640K, 0% used [0x00000000eb200000,0x00000000eb200000,0x00000000fdb80000)
  from space 18432K, 26% used [0x00000000fdb80000,0x00000000fe040af8,0x00000000fed80000)
  to   space 17920K, 0% used [0x00000000fee80000,0x00000000fee80000,0x0000000100000000)
 ParOldGen       total 81408K, used 20567K [0x00000000c1600000, 0x00000000c6580000, 0x00000000eb200000)
  object space 81408K, 25% used [0x00000000c1600000,0x00000000c2a15cb8,0x00000000c6580000)
 Metaspace       used 58916K, capacity 62174K, committed 62404K, reserved 1103872K
  class space    used 7801K, capacity 8379K, committed 8448K, reserved 1048576K
Event: 171.931 GC heap after
Heap after GC invocations=20 (full 5):
 PSYoungGen      total 323072K, used 0K [0x00000000eb200000, 0x0000000100000000, 0x0000000100000000)
  eden space 304640K, 0% used [0x00000000eb200000,0x00000000eb200000,0x00000000fdb80000)
  from space 18432K, 0% used [0x00000000fdb80000,0x00000000fdb80000,0x00000000fed80000)
  to   space 17920K, 0% used [0x00000000fee80000,0x00000000fee80000,0x0000000100000000)
 ParOldGen       total 81408K, used 20648K [0x00000000c1600000, 0x00000000c6580000, 0x00000000eb200000)
  object space 81408K, 25% used [0x00000000c1600000,0x00000000c2a2a000,0x00000000c6580000)
 Metaspace       used 58906K, capacity 62158K, committed 62404K, reserved 1103872K
  class space    used 7799K, capacity 8375K, committed 8448K, reserved 1048576K
}
Event: 197.211 GC heap before
{Heap before GC invocations=21 (full 5):
 PSYoungGen      total 323072K, used 245855K [0x00000000eb200000, 0x0000000100000000, 0x0000000100000000)
  eden space 304640K, 80% used [0x00000000eb200000,0x00000000fa217ee8,0x00000000fdb80000)
  from space 18432K, 0% used [0x00000000fdb80000,0x00000000fdb80000,0x00000000fed80000)
  to   space 17920K, 0% used [0x00000000fee80000,0x00000000fee80000,0x0000000100000000)
 ParOldGen       total 81408K, used 20648K [0x00000000c1600000, 0x00000000c6580000, 0x00000000eb200000)
  object space 81408K, 25% used [0x00000000c1600000,0x00000000c2a2a000,0x00000000c6580000)
 Metaspace       used 59160K, capacity 62526K, committed 62660K, reserved 1103872K
  class space    used 7828K, capacity 8436K, committed 8448K, reserved 1048576K
Event: 197.227 GC heap after
Heap after GC invocations=21 (full 5):
 PSYoungGen      total 325120K, used 4641K [0x00000000eb200000, 0x0000000100000000, 0x0000000100000000)
  eden space 307200K, 0% used [0x00000000eb200000,0x00000000eb200000,0x00000000fde00000)
  from space 17920K, 25% used [0x00000000fee80000,0x00000000ff308768,0x0000000100000000)
  to   space 16896K, 0% used [0x00000000fde00000,0x00000000fde00000,0x00000000fee80000)
 ParOldGen       total 81408K, used 20656K [0x00000000c1600000, 0x00000000c6580000, 0x00000000eb200000)
  object space 81408K, 25% used [0x00000000c1600000,0x00000000c2a2c000,0x00000000c6580000)
 Metaspace       used 59160K, capacity 62526K, committed 62660K, reserved 1103872K
  class space    used 7828K, capacity 8436K, committed 8448K, reserved 1048576K
}
Event: 197.227 GC heap before
{Heap before GC invocations=22 (full 6):
 PSYoungGen      total 325120K, used 4641K [0x00000000eb200000, 0x0000000100000000, 0x0000000100000000)
  eden space 307200K, 0% used [0x00000000eb200000,0x00000000eb200000,0x00000000fde00000)
  from space 17920K, 25% used [0x00000000fee80000,0x00000000ff308768,0x0000000100000000)
  to   space 16896K, 0% used [0x00000000fde00000,0x00000000fde00000,0x00000000fee80000)
 ParOldGen       total 81408K, used 20656K [0x00000000c1600000, 0x00000000c6580000, 0x00000000eb200000)
  object space 81408K, 25% used [0x00000000c1600000,0x00000000c2a2c000,0x00000000c6580000)
 Metaspace       used 59160K, capacity 62526K, committed 62660K, reserved 1103872K
  class space    used 7828K, capacity 8436K, committed 8448K, reserved 1048576K
Event: 197.837 GC heap after
Heap after GC invocations=22 (full 6):
 PSYoungGen      total 325120K, used 0K [0x00000000eb200000, 0x0000000100000000, 0x0000000100000000)
  eden space 307200K, 0% used [0x00000000eb200000,0x00000000eb200000,0x00000000fde00000)
  from space 17920K, 0% used [0x00000000fee80000,0x00000000fee80000,0x0000000100000000)
  to   space 16896K, 0% used [0x00000000fde00000,0x00000000fde00000,0x00000000fee80000)
 ParOldGen       total 81408K, used 20586K [0x00000000c1600000, 0x00000000c6580000, 0x00000000eb200000)
  object space 81408K, 25% used [0x00000000c1600000,0x00000000c2a1aa88,0x00000000c6580000)
 Metaspace       used 59157K, capacity 62520K, committed 62660K, reserved 1103872K
  class space    used 7827K, capacity 8434K, committed 8448K, reserved 1048576K
}
Event: 1204.659 GC heap before
{Heap before GC invocations=23 (full 6):
 PSYoungGen      total 325120K, used 307200K [0x00000000eb200000, 0x0000000100000000, 0x0000000100000000)
  eden space 307200K, 100% used [0x00000000eb200000,0x00000000fde00000,0x00000000fde00000)
  from space 17920K, 0% used [0x00000000fee80000,0x00000000fee80000,0x0000000100000000)
  to   space 16896K, 0% used [0x00000000fde00000,0x00000000fde00000,0x00000000fee80000)
 ParOldGen       total 81408K, used 20586K [0x00000000c1600000, 0x00000000c6580000, 0x00000000eb200000)
  object space 81408K, 25% used [0x00000000c1600000,0x00000000c2a1aa88,0x00000000c6580000)
 Metaspace       used 59714K, capacity 63304K, committed 63556K, reserved 1103872K
  class space    used 7897K, capacity 8539K, committed 8576K, reserved 1048576K
Event: 1204.684 GC heap after
Heap after GC invocations=23 (full 6):
 PSYoungGen      total 314368K, used 7101K [0x00000000eb200000, 0x00000000ffe00000, 0x0000000100000000)
  eden space 307200K, 0% used [0x00000000eb200000,0x00000000eb200000,0x00000000fde00000)
  from space 7168K, 99% used [0x00000000fde00000,0x00000000fe4ef748,0x00000000fe500000)
  to   space 16384K, 0% used [0x00000000fee00000,0x00000000fee00000,0x00000000ffe00000)
 ParOldGen       total 81408K, used 20594K [0x00000000c1600000, 0x00000000c6580000, 0x00000000eb200000)
  object space 81408K, 25% used [0x00000000c1600000,0x00000000c2a1ca88,0x00000000c6580000)
 Metaspace       used 59714K, capacity 63304K, committed 63556K, reserved 1103872K
  class space    used 7897K, capacity 8539K, committed 8576K, reserved 1048576K
}

Deoptimization events (0 events):
No events

Internal exceptions (10 events):
Event: 201.621 Thread 0x000000001d1ea000 Exception <a 'java/lang/ArrayIndexOutOfBoundsException'> (0x00000000f9a147a0) thrown at [C:\re\workspace\8-2-build-windows-amd64-cygwin\jdk8u151\9699\hotspot\src\share\vm\runtime\sharedRuntime.cpp, line 605]
Event: 201.621 Thread 0x000000001d1ea000 Exception <a 'java/lang/ArrayIndexOutOfBoundsException'> (0x00000000f9a15778) thrown at [C:\re\workspace\8-2-build-windows-amd64-cygwin\jdk8u151\9699\hotspot\src\share\vm\runtime\sharedRuntime.cpp, line 605]
Event: 201.637 Thread 0x000000001d1ea000 Exception <a 'java/lang/ArrayIndexOutOfBoundsException'> (0x00000000f9aedc78) thrown at [C:\re\workspace\8-2-build-windows-amd64-cygwin\jdk8u151\9699\hotspot\src\share\vm\runtime\sharedRuntime.cpp, line 605]
Event: 201.637 Thread 0x000000001d1ea000 Exception <a 'java/lang/ArrayIndexOutOfBoundsException'> (0x00000000f9aeec50) thrown at [C:\re\workspace\8-2-build-windows-amd64-cygwin\jdk8u151\9699\hotspot\src\share\vm\runtime\sharedRuntime.cpp, line 605]
Event: 217.915 Thread 0x000000001d1f1800 Exception <a 'java/lang/ArrayIndexOutOfBoundsException'> (0x00000000f9dd28b8) thrown at [C:\re\workspace\8-2-build-windows-amd64-cygwin\jdk8u151\9699\hotspot\src\share\vm\runtime\sharedRuntime.cpp, line 605]
Event: 218.308 Thread 0x000000001d1f6000 Exception <a 'java/lang/ArrayIndexOutOfBoundsException'> (0x00000000f902ccd8) thrown at [C:\re\workspace\8-2-build-windows-amd64-cygwin\jdk8u151\9699\hotspot\src\share\vm\runtime\sharedRuntime.cpp, line 605]
Event: 224.704 Thread 0x000000001d1f4000 Exception <a 'java/lang/ClassNotFoundException': java/lang/ObjectCustomizer> (0x00000000f9ceb840) thrown at [C:\re\workspace\8-2-build-windows-amd64-cygwin\jdk8u151\9699\hotspot\src\share\vm\classfile\systemDictionary.cpp, line 210]
Event: 224.711 Thread 0x000000001d1f4000 Exception <a 'java/lang/ClassNotFoundException': com/quiz/model/QuestionCustomizer> (0x00000000f9d02058) thrown at [C:\re\workspace\8-2-build-windows-amd64-cygwin\jdk8u151\9699\hotspot\src\share\vm\classfile\systemDictionary.cpp, line 210]
Event: 224.724 Thread 0x000000001d1f4000 Exception <a 'java/lang/ArrayIndexOutOfBoundsException'> (0x00000000f9d1f480) thrown at [C:\re\workspace\8-2-build-windows-amd64-cygwin\jdk8u151\9699\hotspot\src\share\vm\runtime\sharedRuntime.cpp, line 605]
Event: 224.724 Thread 0x000000001d1f4000 Exception <a 'java/lang/ArrayIndexOutOfBoundsException'> (0x00000000f9d20640) thrown at [C:\re\workspace\8-2-build-windows-amd64-cygwin\jdk8u151\9699\hotspot\src\share\vm\runtime\sharedRuntime.cpp, line 605]

Events (10 events):
Event: 1204.659 Executing VM operation: ParallelGCFailedAllocation
Event: 1204.684 Executing VM operation: ParallelGCFailedAllocation done
Event: 1204.687 Executing VM operation: RevokeBias
Event: 1204.687 Executing VM operation: RevokeBias done
Event: 1212.106 Thread 0x00000000197dd000 Thread added: 0x00000000197dd000
Event: 1276.920 Thread 0x00000000197de000 Thread exited: 0x00000000197de000
Event: 1512.107 Thread 0x00000000197de000 Thread added: 0x00000000197de000
Event: 11127.349 Thread 0x00000000197db000 Thread added: 0x00000000197db000
Event: 11127.350 Thread 0x00000000197de800 Thread added: 0x00000000197de800
Event: 11127.350 Executing VM operation: RevokeBias


Dynamic libraries:
0x00007ff7a1f50000 - 0x00007ff7a1f87000 	C:\Program Files\Java\jdk1.8.0_151\bin\javaw.exe
0x00007ff92a190000 - 0x00007ff92a33a000 	C:\Windows\SYSTEM32\ntdll.dll
0x00007ff929b50000 - 0x00007ff929c8a000 	C:\Windows\system32\KERNEL32.DLL
0x00007ff9275a0000 - 0x00007ff9276b0000 	C:\Windows\system32\KERNELBASE.dll
0x00007ff926100000 - 0x00007ff926188000 	C:\Windows\system32\apphelp.dll
0x00007ff917970000 - 0x00007ff9179bf000 	C:\Windows\AppPatch\AppPatch64\AcGenral.DLL
0x00007ff929aa0000 - 0x00007ff929b47000 	C:\Windows\system32\msvcrt.dll
0x00007ff927380000 - 0x00007ff9273ab000 	C:\Windows\SYSTEM32\SspiCli.dll
0x00007ff927cd0000 - 0x00007ff927d21000 	C:\Windows\system32\SHLWAPI.dll
0x00007ff929e00000 - 0x00007ff929f71000 	C:\Windows\system32\USER32.dll
0x00007ff927ed0000 - 0x00007ff928048000 	C:\Windows\system32\ole32.dll
0x00007ff928260000 - 0x00007ff929677000 	C:\Windows\system32\SHELL32.dll
0x00007ff926b20000 - 0x00007ff926b3f000 	C:\Windows\SYSTEM32\USERENV.dll
0x00007ff929cf0000 - 0x00007ff929d95000 	C:\Windows\system32\ADVAPI32.dll
0x00007ff91e2c0000 - 0x00007ff91e2db000 	C:\Windows\SYSTEM32\MPR.dll
0x00007ff929950000 - 0x00007ff929a86000 	C:\Windows\system32\RPCRT4.dll
0x00007ff929c90000 - 0x00007ff929ce7000 	C:\Windows\SYSTEM32\sechost.dll
0x00007ff9296a0000 - 0x00007ff929876000 	C:\Windows\SYSTEM32\combase.dll
0x00007ff928110000 - 0x00007ff928255000 	C:\Windows\system32\GDI32.dll
0x00007ff9274d0000 - 0x00007ff9274e4000 	C:\Windows\SYSTEM32\profapi.dll
0x00007ff925dd0000 - 0x00007ff925e6f000 	C:\Windows\SYSTEM32\SHCORE.dll
0x00007ff9280d0000 - 0x00007ff928104000 	C:\Windows\system32\IMM32.DLL
0x00007ff927d90000 - 0x00007ff927ec9000 	C:\Windows\system32\MSCTF.dll
0x00007ff925700000 - 0x00007ff92595a000 	C:\Windows\WinSxS\amd64_microsoft.windows.common-controls_6595b64144ccf1df_6.0.9600.17031_none_6242a4b3ecbb55a1\COMCTL32.dll
0x0000000057440000 - 0x0000000057512000 	C:\Program Files\Java\jdk1.8.0_151\jre\bin\msvcr100.dll
0x0000000056ba0000 - 0x000000005743d000 	C:\Program Files\Java\jdk1.8.0_151\jre\bin\server\jvm.dll
0x00007ff915e80000 - 0x00007ff915e89000 	C:\Windows\SYSTEM32\WSOCK32.dll
0x00007ff91bfe0000 - 0x00007ff91bfff000 	C:\Windows\SYSTEM32\WINMM.dll
0x00007ff91ec50000 - 0x00007ff91ec5a000 	C:\Windows\SYSTEM32\VERSION.dll
0x00007ff928050000 - 0x00007ff928057000 	C:\Windows\system32\PSAPI.DLL
0x00007ff929da0000 - 0x00007ff929df8000 	C:\Windows\system32\WS2_32.dll
0x00007ff91bfb0000 - 0x00007ff91bfda000 	C:\Windows\SYSTEM32\WINMMBASE.dll
0x00007ff929940000 - 0x00007ff929949000 	C:\Windows\system32\NSI.dll
0x00007ff9276b0000 - 0x00007ff9276fa000 	C:\Windows\SYSTEM32\cfgmgr32.dll
0x00007ff926350000 - 0x00007ff926376000 	C:\Windows\SYSTEM32\DEVOBJ.dll
0x0000000056b80000 - 0x0000000056b8f000 	C:\Program Files\Java\jdk1.8.0_151\jre\bin\verify.dll
0x0000000056b50000 - 0x0000000056b79000 	C:\Program Files\Java\jdk1.8.0_151\jre\bin\java.dll
0x0000000056b30000 - 0x0000000056b46000 	C:\Program Files\Java\jdk1.8.0_151\jre\bin\zip.dll
0x0000000056af0000 - 0x0000000056afd000 	C:\Program Files\Java\jdk1.8.0_151\jre\bin\management.dll
0x0000000056ad0000 - 0x0000000056aea000 	C:\Program Files\Java\jdk1.8.0_151\jre\bin\net.dll
0x00007ff926e00000 - 0x00007ff926e58000 	C:\Windows\system32\mswsock.dll
0x0000000056ab0000 - 0x0000000056ac1000 	C:\Program Files\Java\jdk1.8.0_151\jre\bin\nio.dll
0x00007ff91bed0000 - 0x00007ff91bee4000 	C:\Windows\system32\napinsp.dll
0x00007ff91af70000 - 0x00007ff91af89000 	C:\Windows\system32\pnrpnsp.dll
0x00007ff922430000 - 0x00007ff922449000 	C:\Windows\system32\NLAapi.dll
0x00007ff926bd0000 - 0x00007ff926c73000 	C:\Windows\SYSTEM32\DNSAPI.dll
0x00007ff91af60000 - 0x00007ff91af6c000 	C:\Windows\System32\winrnr.dll
0x0000000057f40000 - 0x0000000057f66000 	C:\Program Files\Bonjour\mdnsNSP.dll
0x00007ff921d20000 - 0x00007ff921d49000 	C:\Windows\SYSTEM32\Iphlpapi.DLL
0x00007ff921cf0000 - 0x00007ff921cfa000 	C:\Windows\SYSTEM32\WINNSI.DLL
0x00007ff91af40000 - 0x00007ff91af53000 	C:\Windows\system32\wshbth.dll
0x00007ff91c000000 - 0x00007ff91c009000 	C:\Windows\System32\rasadhlp.dll
0x00007ff9218c0000 - 0x00007ff921927000 	C:\Windows\System32\fwpuclnt.dll
0x00007ff926e60000 - 0x00007ff926e7e000 	C:\Windows\SYSTEM32\CRYPTSP.dll
0x00007ff926a10000 - 0x00007ff926a45000 	C:\Windows\system32\rsaenh.dll
0x00007ff927090000 - 0x00007ff9270b6000 	C:\Windows\SYSTEM32\bcrypt.dll
0x00007ff9273b0000 - 0x00007ff927410000 	C:\Windows\system32\bcryptprimitives.dll
0x00007ff927410000 - 0x00007ff92741a000 	C:\Windows\SYSTEM32\CRYPTBASE.dll
0x00007ff9217f0000 - 0x00007ff921804000 	C:\Windows\SYSTEM32\dhcpcsvc6.DLL
0x00007ff9219d0000 - 0x00007ff9219e9000 	C:\Windows\SYSTEM32\dhcpcsvc.DLL

VM Arguments:
jvm_args: -Dcom.sun.management.jmxremote -Dcom.sun.management.jmxremote.port=55629 -Dcom.sun.management.jmxremote.authenticate=false -Dcom.sun.management.jmxremote.ssl=false -Djava.rmi.server.hostname=localhost -Dspring.jmx.enabled=true -Dspring.application.admin.enabled=true -Xverify:none -XX:TieredStopAtLevel=1 -Dspring.boot.project.name=quiz -Dfile.encoding=UTF-8 
java_command: com.quiz.QuizApplication --spring.output.ansi.enabled=always
java_class_path (initial): C:\Users\USER\Documents\workspace-spring-tool-suite-4-4.6.0.RELEASE\quiz\target\classes;C:\Users\USER\.m2\repository\org\springframework\boot\spring-boot-starter-web\2.3.1.RELEASE\spring-boot-starter-web-2.3.1.RELEASE.jar;C:\Users\USER\.m2\repository\org\springframework\boot\spring-boot-starter\2.3.1.RELEASE\spring-boot-starter-2.3.1.RELEASE.jar;C:\Users\USER\.m2\repository\org\springframework\boot\spring-boot-starter-logging\2.3.1.RELEASE\spring-boot-starter-logging-2.3.1.RELEASE.jar;C:\Users\USER\.m2\repository\ch\qos\logback\logback-classic\1.2.3\logback-classic-1.2.3.jar;C:\Users\USER\.m2\repository\ch\qos\logback\logback-core\1.2.3\logback-core-1.2.3.jar;C:\Users\USER\.m2\repository\org\apache\logging\log4j\log4j-to-slf4j\2.13.3\log4j-to-slf4j-2.13.3.jar;C:\Users\USER\.m2\repository\org\apache\logging\log4j\log4j-api\2.13.3\log4j-api-2.13.3.jar;C:\Users\USER\.m2\repository\org\slf4j\jul-to-slf4j\1.7.30\jul-to-slf4j-1.7.30.jar;C:\Users\USER\.m2\repository\org\yaml\snakeyaml\1.26\snakeyaml-1.26.jar;C:\Users\USER\.m2\repository\org\springframework\boot\spring-boot-starter-json\2.3.1.RELEASE\spring-boot-starter-json-2.3.1.RELEASE.jar;C:\Users\USER\.m2\repository\com\fasterxml\jackson\core\jackson-databind\2.11.0\jackson-databind-2.11.0.jar;C:\Users\USER\.m2\repository\com\fasterxml\jackson\core\jackson-annotations\2.11.0\jackson-annotations-2.11.0.jar;C:\Users\USER\.m2\repository\com\fasterxml\jackson\core\jackson-core\2.11.0\jackson-core-2.11.0.jar;C:\Users\USER\.m2\repository\com\fasterxml\jackson\datatype\jackson-datatype-jdk8\2.11.0\jackson-datatype-jdk8-2.11.0.jar;C:\Users\USER\.m2\repository\com\fasterxml\jackson\datatype\jackson-datatype-jsr310\2.11.0\jackson-datatype-jsr310-2.11.0.jar;C:\Users\USER\.m2\repository\com\fasterxml\jackson\module\jackson-module-parameter-names\2.11.0\jackson-module-parameter-names-2.11.0.jar;C:\Users\USER\.m2\repository\org\springframework\spring-web\5.2.7.RELEASE\spring-web-5.2.7.RELEASE.jar;C:\User
Launcher Type: SUN_STANDARD

Environment Variables:
JAVA_HOME=C:\Program Files\Java\jdk1.8.0_151
JRE_HOME=C:\Program Files\Java\jre1.8.0_151
PATH=C:/Program Files/Java/jre1.8.0_151/bin/server;C:/Program Files/Java/jre1.8.0_151/bin;C:/Program Files/Java/jre1.8.0_151/lib/amd64;C:\Program Files\Java\jdk1.8.0_151;C:\cygwin\bin;C:\ProgramData\Oracle\Java\javapath;C:\Program Files (x86)\Microchip\MPLAB C32 Suite\bin;C:\Program Files\Git\cmd;C:\Program Files\Git\mingw64\bin;C:\Program Files\Git\usr\bin;C:\Users\USER\AppData\Roaming\Microsoft\Windows\Start Menu\Programs\Python 3.7;C:\Program Files\nodejs\;C:\Windows\System32\WindowsPowerShell\v1.0\;C:\Program Files\MySQL\MySQL Shell 8.0\bin\;C:\Users\USER\AppData\Local\Programs\Python\Python37-32\Scripts\;C:\Users\USER\AppData\Local\Programs\Python\Python37-32\;C:\Program Files\Java\jdk1.8.0_151\bin;D:\FLUTTER\flutter\bin;C:\Windows\System32;C:\Users\USER\AppData\Local\Programs\Microsoft VS Code\bin;C:\Users\USER\AppData\Roaming\npm;C:\Program Files\apache-maven-3.6.3\bin;C:\Program Files\heroku\bin;E:\java setup\sts-4.6.0.RELEASE;
USERNAME=USER
OS=Windows_NT
PROCESSOR_IDENTIFIER=Intel64 Family 6 Model 61 Stepping 4, GenuineIntel



---------------  S Y S T E M  ---------------

OS: Windows 8.1 , 64 bit Build 9600 (6.3.9600.17031)

CPU:total 4 (initial active 4) (2 cores per cpu, 2 threads per core) family 6 model 61 stepping 4, cmov, cx8, fxsr, mmx, sse, sse2, sse3, ssse3, sse4.1, sse4.2, popcnt, avx, avx2, aes, clmul, erms, 3dnowpref, lzcnt, ht, tsc, tscinvbit, bmi1, bmi2, adx

Memory: 4k page, physical 4103536k(926512k free), swap 8297840k(3797748k free)

vm_info: Java HotSpot(TM) 64-Bit Server VM (25.151-b12) for windows-amd64 JRE (1.8.0_151-b12), built on Sep  5 2017 19:33:46 by "java_re" with MS VC++ 10.0 (VS2010)

time: Thu Jul 09 20:04:06 2020
elapsed time: 11127 seconds (0d 3h 5m 27s)

